2025-05-28 19:31:48,948 INFO: STAS Triage System startup [in C:\projects\be\app.py:81]
2025-05-28 19:31:49,838 INFO: STAS Triage System startup [in C:\projects\be\app.py:81]
2025-05-28 19:32:10,179 INFO: STAS Triage System startup [in C:\projects\be\app.py:81]
2025-05-28 19:32:10,407 INFO: STAS Triage System startup [in C:\projects\be\app.py:81]
2025-05-28 19:38:49,231 INFO: STAS Triage System startup [in C:\projects\be\app.py:81]
2025-05-28 19:38:49,450 INFO: STAS Triage System startup [in C:\projects\be\app.py:81]
2025-05-28 19:38:52,376 WARNING: 404 error: http://127.0.0.1:5000/favicon.ico [in C:\projects\be\app.py:97]
2025-05-28 19:47:48,540 INFO: CTAS Triage System startup [in C:\projects\be\app.py:81]
2025-05-28 19:47:48,836 INFO: CTAS Triage System startup [in C:\projects\be\app.py:81]
2025-05-28 19:47:48,877 INFO: CTAS Triage System startup [in C:\projects\be\app.py:81]
2025-05-28 19:48:24,179 INFO: CTAS Triage System startup [in C:\projects\be\app.py:81]
2025-05-28 19:48:24,283 INFO: CTAS Triage System startup [in C:\projects\be\app.py:81]
2025-05-28 19:48:24,441 INFO: CTAS Triage System startup [in C:\projects\be\app.py:81]
2025-05-28 19:49:08,713 INFO: CTAS Triage System startup [in C:\projects\be\app.py:81]
2025-05-28 19:49:08,876 INFO: CTAS Triage System startup [in C:\projects\be\app.py:81]
2025-05-28 19:49:09,159 INFO: CTAS Triage System startup [in C:\projects\be\app.py:81]
2025-05-28 19:51:10,311 INFO: CTAS Triage System startup [in C:\projects\be\app.py:81]
2025-05-28 19:51:10,559 INFO: CTAS Triage System startup [in C:\projects\be\app.py:81]
2025-05-28 20:24:15,666 INFO: CTAS Triage System startup [in C:\projects\be\app.py:81]
2025-05-28 20:26:36,268 INFO: CTAS Triage System startup [in C:\projects\be\app.py:81]
2025-05-28 20:26:52,010 INFO: CTAS Triage System startup [in C:\projects\be\app.py:81]
2025-05-28 20:26:52,088 WARNING: 404 error: http://localhost/nonexistent-page [in C:\projects\be\app.py:97]
2025-05-28 20:26:52,236 ERROR: Unhandled exception: 400 Bad Request: The browser (or proxy) sent a request that this server could not understand. [in C:\projects\be\app.py:107]
2025-05-28 20:26:52,260 ERROR: Unhandled exception: 405 Method Not Allowed: The method is not allowed for the requested URL. [in C:\projects\be\app.py:107]
2025-05-28 20:26:56,991 INFO: CTAS Triage System startup [in C:\projects\be\app.py:81]
2025-05-28 20:26:57,065 WARNING: 404 error: http://localhost/nonexistent-page [in C:\projects\be\app.py:97]
2025-05-28 20:26:57,198 ERROR: Unhandled exception: 400 Bad Request: The browser (or proxy) sent a request that this server could not understand. [in C:\projects\be\app.py:107]
2025-05-28 20:26:57,201 ERROR: Unhandled exception: 405 Method Not Allowed: The method is not allowed for the requested URL. [in C:\projects\be\app.py:107]
2025-05-28 20:28:21,625 INFO: CTAS Triage System startup [in C:\projects\be\app.py:81]
2025-05-28 20:28:27,547 INFO: CTAS Triage System startup [in C:\projects\be\app.py:81]
2025-05-28 20:28:27,620 WARNING: 404 error: http://localhost/nonexistent-page [in C:\projects\be\app.py:97]
2025-05-28 20:28:27,666 ERROR: Unhandled exception: 400 Bad Request: The browser (or proxy) sent a request that this server could not understand. [in C:\projects\be\app.py:107]
2025-05-28 20:28:27,668 ERROR: Unhandled exception: 405 Method Not Allowed: The method is not allowed for the requested URL. [in C:\projects\be\app.py:107]
2025-05-28 20:28:38,062 INFO: CTAS Triage System startup [in C:\projects\be\app.py:81]
2025-05-28 20:28:44,223 INFO: CTAS Triage System startup [in C:\projects\be\app.py:81]
2025-05-28 20:28:44,297 WARNING: 404 error: http://localhost/nonexistent-page [in C:\projects\be\app.py:97]
2025-05-28 20:28:44,337 ERROR: Unhandled exception: 400 Bad Request: The browser (or proxy) sent a request that this server could not understand. [in C:\projects\be\app.py:107]
2025-05-28 20:28:44,340 ERROR: Unhandled exception: 405 Method Not Allowed: The method is not allowed for the requested URL. [in C:\projects\be\app.py:107]
2025-05-28 20:28:49,798 INFO: CTAS Triage System startup [in C:\projects\be\app.py:81]
2025-05-28 20:28:49,868 WARNING: 404 error: http://localhost/nonexistent-page [in C:\projects\be\app.py:97]
2025-05-28 20:28:49,903 ERROR: Unhandled exception: 400 Bad Request: The browser (or proxy) sent a request that this server could not understand. [in C:\projects\be\app.py:107]
2025-05-28 20:28:49,905 ERROR: Unhandled exception: 405 Method Not Allowed: The method is not allowed for the requested URL. [in C:\projects\be\app.py:107]
2025-05-28 20:45:43,665 INFO: CTAS Triage System startup [in C:\projects\be\app.py:81]
2025-05-28 20:52:59,185 INFO: CTAS Triage System startup - Production Mode [in C:\projects\be\app.py:51]
2025-05-28 20:53:14,625 INFO: CTAS Triage System startup - Production Mode [in C:\projects\be\app.py:51]
2025-05-28 20:53:28,053 INFO: CTAS Triage System startup - Production Mode [in C:\projects\be\app.py:51]
